Traceback (most recent call last):
  File "web.py", line 23, in <module>
    @app.route('/answer/<path:path>')
  File "/home/wsq/miniconda3/lib/python3.6/site-packages/flask/app.py", line 1080, in decorator
    self.add_url_rule(rule, endpoint, f, **options)
  File "/home/wsq/miniconda3/lib/python3.6/site-packages/flask/app.py", line 64, in wrapper_func
    return f(self, *args, **kwargs)
  File "/home/wsq/miniconda3/lib/python3.6/site-packages/flask/app.py", line 1051, in add_url_rule
    'existing endpoint function: %s' % endpoint)
AssertionError: View function mapping is overwriting an existing endpoint function: index
 * Running on http://0.0.0.0:8081/ (Press CTRL+C to quit)
 * Restarting with stat
 * Debugger is active!
 * Debugger PIN: 242-433-773
10.206.39.136 - - [15/Mar/2018 15:57:15] "GET / HTTP/1.1" 200 -
10.206.39.136 - - [15/Mar/2018 15:57:15] "GET /app.45aa3ee2167f012ab12781bde9df4804.css HTTP/1.1" 200 -
10.206.39.136 - - [15/Mar/2018 15:57:15] "GET /js/app.509f7b1f9c08b90b70b3.js HTTP/1.1" 200 -
10.206.39.136 - - [15/Mar/2018 15:57:15] "GET /js/vendor.7c8a06527c732ee50c41.js HTTP/1.1" 200 -
10.206.39.136 - - [15/Mar/2018 15:57:15] "GET /js/0.34c6e77b23850b0992ce.js HTTP/1.1" 200 -
10.206.39.136 - - [15/Mar/2018 15:57:15] "GET /js/1.7be444cd9d054973e5eb.js HTTP/1.1" 200 -
10.206.39.136 - - [15/Mar/2018 15:57:15] "GET /js/2.0884d2cbf9d2adea0fab.js HTTP/1.1" 200 -
10.206.39.136 - - [15/Mar/2018 15:57:15] "GET /js/3.759ff0d4b54cb477297e.js HTTP/1.1" 200 -
10.206.39.136 - - [15/Mar/2018 15:57:15] "GET /js/4.d6a831d3818014f0f849.js HTTP/1.1" 200 -
10.206.39.136 - - [15/Mar/2018 15:57:15] "GET /fonts/Roboto-Regular.081b11e.woff HTTP/1.1" 200 -
10.206.39.136 - - [15/Mar/2018 15:57:15] "POST /api/graphql HTTP/1.1" 200 -
10.206.39.136 - - [15/Mar/2018 15:57:15] "GET /fonts/MaterialIcons-Regular.012cf6a.woff HTTP/1.1" 200 -
10.206.39.136 - - [15/Mar/2018 15:57:15] "GET /fonts/Roboto-Medium.303ded6.woff HTTP/1.1" 200 -
10.206.39.136 - - [15/Mar/2018 15:57:16] "POST /api/graphql HTTP/1.1" 200 -
10.206.39.136 - - [15/Mar/2018 15:57:16] "POST /api/graphql HTTP/1.1" 200 -
10.206.39.136 - - [15/Mar/2018 15:57:17] "GET /fonts/Roboto-Light.37fbbba.woff HTTP/1.1" 200 -
10.206.39.136 - - [15/Mar/2018 15:57:20] "POST /api/graphql HTTP/1.1" 200 -
10.206.39.136 - - [15/Mar/2018 15:57:20] "GET /fonts/Roboto-Bold.ad140ff.woff HTTP/1.1" 200 -
10.206.39.136 - - [15/Mar/2018 15:57:21] "POST /api/graphql HTTP/1.1" 200 -
10.206.39.136 - - [15/Mar/2018 15:57:25] "GET / HTTP/1.1" 304 -
10.206.39.136 - - [15/Mar/2018 15:57:25] "POST /api/graphql HTTP/1.1" 200 -
10.206.39.136 - - [15/Mar/2018 15:57:26] "POST /api/graphql HTTP/1.1" 200 -
10.206.39.136 - - [15/Mar/2018 15:57:32] "POST /api/graphql HTTP/1.1" 200 -
10.206.39.136 - - [15/Mar/2018 16:02:19] "GET / HTTP/1.1" 200 -
10.206.39.136 - - [15/Mar/2018 16:02:19] "GET /js/vendor.64aaeb40feba8b8858ad.js HTTP/1.1" 200 -
10.206.39.136 - - [15/Mar/2018 16:02:19] "GET /js/0.655440cf5ca910c32810.js HTTP/1.1" 200 -
10.206.39.136 - - [15/Mar/2018 16:02:19] "GET /js/2.010f89b8136dce410c92.js HTTP/1.1" 200 -
10.206.39.136 - - [15/Mar/2018 16:02:19] "POST /api/graphql HTTP/1.1" 200 -
10.206.39.136 - - [15/Mar/2018 16:02:21] "POST /api/graphql HTTP/1.1" 200 -
10.206.39.136 - - [15/Mar/2018 16:02:24] "POST /api/graphql HTTP/1.1" 200 -
10.206.39.136 - - [15/Mar/2018 16:02:27] "POST /api/graphql HTTP/1.1" 200 -
10.206.39.136 - - [15/Mar/2018 16:02:27] "POST /api/graphql HTTP/1.1" 200 -
10.206.39.136 - - [15/Mar/2018 16:02:29] "GET / HTTP/1.1" 304 -
10.206.39.136 - - [15/Mar/2018 16:02:29] "POST /api/graphql HTTP/1.1" 200 -
10.206.39.136 - - [15/Mar/2018 16:02:30] "POST /api/graphql HTTP/1.1" 200 -
10.206.39.136 - - [15/Mar/2018 16:02:30] "POST /api/graphql HTTP/1.1" 200 -
10.206.39.148 - - [15/Mar/2018 16:02:38] "POST /api/graphql HTTP/1.1" 200 -
10.206.39.148 - - [15/Mar/2018 16:02:38] "POST /api/graphql HTTP/1.1" 200 -
10.206.39.148 - - [15/Mar/2018 16:02:38] "GET /fonts/Roboto-Light.37fbbba.woff HTTP/1.1" 200 -
10.206.39.148 - - [15/Mar/2018 16:03:01] "GET /answer/5aaa1dfda80bb4f67dac824d HTTP/1.1" 404 -
10.206.39.148 - - [15/Mar/2018 16:03:01] "GET /favicon.ico HTTP/1.1" 404 -
10.206.39.148 - - [15/Mar/2018 16:03:22] "GET /answer/5aaa1dfda80bb4f67dac824d HTTP/1.1" 404 -
10.206.39.148 - - [15/Mar/2018 16:03:23] "GET /favicon.ico HTTP/1.1" 404 -
10.206.39.136 - - [15/Mar/2018 16:05:25] "POST /api/graphql HTTP/1.1" 200 -
An error occurred while resolving field Query.survey
Traceback (most recent call last):
  File "/home/wsq/miniconda3/lib/python3.6/site-packages/mongoengine/base/fields.py", line 465, in to_mongo
    return ObjectId(six.text_type(value))
  File "/home/wsq/miniconda3/lib/python3.6/site-packages/bson/objectid.py", line 110, in __init__
    self.__validate(oid)
  File "/home/wsq/miniconda3/lib/python3.6/site-packages/bson/objectid.py", line 206, in __validate
    _raise_invalid_id(oid)
  File "/home/wsq/miniconda3/lib/python3.6/site-packages/bson/objectid.py", line 52, in _raise_invalid_id
    " or a 24-character hex string" % oid)
bson.errors.InvalidId: '1' is not a valid ObjectId, it must be a 12-byte input or a 24-character hex string

During handling of the above exception, another exception occurred:

Traceback (most recent call last):
  File "/home/wsq/miniconda3/lib/python3.6/site-packages/graphql/execution/executor.py", line 311, in resolve_or_error
    return executor.execute(resolve_fn, source, info, **args)
  File "/home/wsq/miniconda3/lib/python3.6/site-packages/graphql/execution/executors/sync.py", line 7, in execute
    return fn(*args, **kwargs)
  File "/home/wsq/miniconda3/lib/python3.6/site-packages/graphene_mongo/fields.py", line 112, in connection_resolver
    _len = len(iterable)
  File "/home/wsq/miniconda3/lib/python3.6/site-packages/mongoengine/queryset/queryset.py", line 51, in __len__
    list(self._iter_results())
  File "/home/wsq/miniconda3/lib/python3.6/site-packages/mongoengine/queryset/queryset.py", line 99, in _iter_results
    self._populate_cache()
  File "/home/wsq/miniconda3/lib/python3.6/site-packages/mongoengine/queryset/queryset.py", line 118, in _populate_cache
    self._result_cache.append(next(self))
  File "/home/wsq/miniconda3/lib/python3.6/site-packages/mongoengine/queryset/base.py", line 1466, in __next__
    raw_doc = next(self._cursor)
  File "/home/wsq/miniconda3/lib/python3.6/site-packages/mongoengine/queryset/base.py", line 1547, in _cursor
    self._cursor_obj = self._collection.find(self._query,
  File "/home/wsq/miniconda3/lib/python3.6/site-packages/mongoengine/queryset/base.py", line 1590, in _query
    self._mongo_query = self._query_obj.to_query(self._document)
  File "/home/wsq/miniconda3/lib/python3.6/site-packages/mongoengine/queryset/visitor.py", line 89, in to_query
    query = query.accept(QueryCompilerVisitor(document))
  File "/home/wsq/miniconda3/lib/python3.6/site-packages/mongoengine/queryset/visitor.py", line 155, in accept
    return visitor.visit_query(self)
  File "/home/wsq/miniconda3/lib/python3.6/site-packages/mongoengine/queryset/visitor.py", line 78, in visit_query
    return transform.query(self.document, **query.query)
  File "/home/wsq/miniconda3/lib/python3.6/site-packages/mongoengine/queryset/transform.py", line 98, in query
    value = field.prepare_query_value(op, value)
  File "/home/wsq/miniconda3/lib/python3.6/site-packages/mongoengine/base/fields.py", line 472, in prepare_query_value
    return self.to_mongo(value)
  File "/home/wsq/miniconda3/lib/python3.6/site-packages/mongoengine/base/fields.py", line 468, in to_mongo
    self.error(six.text_type(e))
  File "/home/wsq/miniconda3/lib/python3.6/site-packages/mongoengine/base/fields.py", line 166, in error
    raise ValidationError(message, errors=errors, field_name=field_name)
mongoengine.errors.ValidationError: '1' is not a valid ObjectId, it must be a 12-byte input or a 24-character hex string
Traceback (most recent call last):
  File "/home/wsq/miniconda3/lib/python3.6/site-packages/graphql/execution/executor.py", line 330, in complete_value_catching_error
    exe_context, return_type, field_asts, info, result)
  File "/home/wsq/miniconda3/lib/python3.6/site-packages/graphql/execution/executor.py", line 383, in complete_value
    raise GraphQLLocatedError(field_asts, original_error=result)
graphql.error.located_error.GraphQLLocatedError: '1' is not a valid ObjectId, it must be a 12-byte input or a 24-character hex string
10.206.39.136 - - [15/Mar/2018 16:05:25] "POST /api/graphql HTTP/1.1" 200 -
10.206.39.136 - - [15/Mar/2018 16:05:25] "GET / HTTP/1.1" 304 -
10.206.39.136 - - [15/Mar/2018 16:05:26] "POST /api/graphql HTTP/1.1" 200 -
An error occurred while resolving field Query.survey
Traceback (most recent call last):
  File "/home/wsq/miniconda3/lib/python3.6/site-packages/mongoengine/base/fields.py", line 465, in to_mongo
    return ObjectId(six.text_type(value))
  File "/home/wsq/miniconda3/lib/python3.6/site-packages/bson/objectid.py", line 110, in __init__
    self.__validate(oid)
  File "/home/wsq/miniconda3/lib/python3.6/site-packages/bson/objectid.py", line 206, in __validate
    _raise_invalid_id(oid)
  File "/home/wsq/miniconda3/lib/python3.6/site-packages/bson/objectid.py", line 52, in _raise_invalid_id
    " or a 24-character hex string" % oid)
bson.errors.InvalidId: '1' is not a valid ObjectId, it must be a 12-byte input or a 24-character hex string

During handling of the above exception, another exception occurred:

Traceback (most recent call last):
  File "/home/wsq/miniconda3/lib/python3.6/site-packages/graphql/execution/executor.py", line 311, in resolve_or_error
    return executor.execute(resolve_fn, source, info, **args)
  File "/home/wsq/miniconda3/lib/python3.6/site-packages/graphql/execution/executors/sync.py", line 7, in execute
    return fn(*args, **kwargs)
  File "/home/wsq/miniconda3/lib/python3.6/site-packages/graphene_mongo/fields.py", line 112, in connection_resolver
    _len = len(iterable)
  File "/home/wsq/miniconda3/lib/python3.6/site-packages/mongoengine/queryset/queryset.py", line 51, in __len__
    list(self._iter_results())
  File "/home/wsq/miniconda3/lib/python3.6/site-packages/mongoengine/queryset/queryset.py", line 99, in _iter_results
    self._populate_cache()
  File "/home/wsq/miniconda3/lib/python3.6/site-packages/mongoengine/queryset/queryset.py", line 118, in _populate_cache
    self._result_cache.append(next(self))
  File "/home/wsq/miniconda3/lib/python3.6/site-packages/mongoengine/queryset/base.py", line 1466, in __next__
    raw_doc = next(self._cursor)
  File "/home/wsq/miniconda3/lib/python3.6/site-packages/mongoengine/queryset/base.py", line 1547, in _cursor
    self._cursor_obj = self._collection.find(self._query,
  File "/home/wsq/miniconda3/lib/python3.6/site-packages/mongoengine/queryset/base.py", line 1590, in _query
    self._mongo_query = self._query_obj.to_query(self._document)
  File "/home/wsq/miniconda3/lib/python3.6/site-packages/mongoengine/queryset/visitor.py", line 89, in to_query
    query = query.accept(QueryCompilerVisitor(document))
  File "/home/wsq/miniconda3/lib/python3.6/site-packages/mongoengine/queryset/visitor.py", line 155, in accept
    return visitor.visit_query(self)
  File "/home/wsq/miniconda3/lib/python3.6/site-packages/mongoengine/queryset/visitor.py", line 78, in visit_query
    return transform.query(self.document, **query.query)
  File "/home/wsq/miniconda3/lib/python3.6/site-packages/mongoengine/queryset/transform.py", line 98, in query
    value = field.prepare_query_value(op, value)
  File "/home/wsq/miniconda3/lib/python3.6/site-packages/mongoengine/base/fields.py", line 472, in prepare_query_value
    return self.to_mongo(value)
  File "/home/wsq/miniconda3/lib/python3.6/site-packages/mongoengine/base/fields.py", line 468, in to_mongo
    self.error(six.text_type(e))
  File "/home/wsq/miniconda3/lib/python3.6/site-packages/mongoengine/base/fields.py", line 166, in error
    raise ValidationError(message, errors=errors, field_name=field_name)
mongoengine.errors.ValidationError: '1' is not a valid ObjectId, it must be a 12-byte input or a 24-character hex string
Traceback (most recent call last):
  File "/home/wsq/miniconda3/lib/python3.6/site-packages/graphql/execution/executor.py", line 330, in complete_value_catching_error
    exe_context, return_type, field_asts, info, result)
  File "/home/wsq/miniconda3/lib/python3.6/site-packages/graphql/execution/executor.py", line 383, in complete_value
    raise GraphQLLocatedError(field_asts, original_error=result)
graphql.error.located_error.GraphQLLocatedError: '1' is not a valid ObjectId, it must be a 12-byte input or a 24-character hex string
10.206.39.136 - - [15/Mar/2018 16:05:26] "POST /api/graphql HTTP/1.1" 200 -
10.206.39.136 - - [15/Mar/2018 16:05:44] "POST /api/graphql HTTP/1.1" 200 -
10.206.39.136 - - [15/Mar/2018 16:05:44] "POST /api/graphql HTTP/1.1" 200 -
10.206.39.136 - - [15/Mar/2018 16:05:44] "POST /api/graphql HTTP/1.1" 200 -
10.206.39.136 - - [15/Mar/2018 16:05:44] "GET / HTTP/1.1" 304 -
10.206.39.136 - - [15/Mar/2018 16:05:44] "POST /api/graphql HTTP/1.1" 200 -
10.206.39.136 - - [15/Mar/2018 16:05:45] "POST /api/graphql HTTP/1.1" 200 -
10.206.39.136 - - [15/Mar/2018 16:05:45] "POST /api/graphql HTTP/1.1" 200 -
10.206.39.136 - - [15/Mar/2018 16:05:47] "POST /api/graphql HTTP/1.1" 200 -
10.206.39.148 - - [15/Mar/2018 16:05:53] "GET /answer/5aaa1dfda80bb4f67dac824d HTTP/1.1" 404 -
10.206.39.148 - - [15/Mar/2018 16:05:58] "GET /answer/5aaa1dfda80bb4f67dac824d HTTP/1.1" 404 -
10.206.39.136 - - [15/Mar/2018 16:06:17] "GET / HTTP/1.1" 200 -
10.206.39.136 - - [15/Mar/2018 16:06:17] "GET /app.45aa3ee2167f012ab12781bde9df4804.css HTTP/1.1" 200 -
10.206.39.136 - - [15/Mar/2018 16:06:17] "GET /js/vendor.64aaeb40feba8b8858ad.js HTTP/1.1" 200 -
10.206.39.136 - - [15/Mar/2018 16:06:17] "GET /js/app.509f7b1f9c08b90b70b3.js HTTP/1.1" 200 -
10.206.39.136 - - [15/Mar/2018 16:06:17] "GET /js/0.655440cf5ca910c32810.js HTTP/1.1" 200 -
10.206.39.136 - - [15/Mar/2018 16:06:17] "GET /js/2.010f89b8136dce410c92.js HTTP/1.1" 200 -
10.206.39.136 - - [15/Mar/2018 16:06:17] "GET /js/1.7be444cd9d054973e5eb.js HTTP/1.1" 200 -
10.206.39.136 - - [15/Mar/2018 16:06:17] "GET /js/3.759ff0d4b54cb477297e.js HTTP/1.1" 200 -
10.206.39.136 - - [15/Mar/2018 16:06:17] "GET /js/4.d6a831d3818014f0f849.js HTTP/1.1" 200 -
10.206.39.136 - - [15/Mar/2018 16:06:17] "GET /js/3.759ff0d4b54cb477297e.js HTTP/1.1" 200 -
10.206.39.136 - - [15/Mar/2018 16:06:17] "GET /js/0.655440cf5ca910c32810.js HTTP/1.1" 200 -
10.206.39.136 - - [15/Mar/2018 16:06:17] "GET /fonts/Roboto-Regular.081b11e.woff HTTP/1.1" 200 -
10.206.39.136 - - [15/Mar/2018 16:06:17] "POST /api/graphql HTTP/1.1" 200 -
10.206.39.136 - - [15/Mar/2018 16:06:17] "GET /fonts/MaterialIcons-Regular.012cf6a.woff HTTP/1.1" 200 -
10.206.39.136 - - [15/Mar/2018 16:06:18] "GET /fonts/Roboto-Medium.303ded6.woff HTTP/1.1" 200 -
10.206.39.148 - - [15/Mar/2018 16:06:22] "GET /answer/5aaa1dfda80bb4f67dac824d HTTP/1.1" 404 -
10.206.39.148 - - [15/Mar/2018 16:06:31] "GET /answer/5aaa1dfda80bb4f67dac824d HTTP/1.1" 404 -
10.206.39.148 - - [15/Mar/2018 16:06:50] "POST /api/graphql HTTP/1.1" 200 -
10.206.39.148 - - [15/Mar/2018 16:06:55] "GET / HTTP/1.1" 200 -
10.206.39.148 - - [15/Mar/2018 16:06:55] "GET /js/app.509f7b1f9c08b90b70b3.js HTTP/1.1" 200 -
10.206.39.148 - - [15/Mar/2018 16:06:55] "GET /app.45aa3ee2167f012ab12781bde9df4804.css HTTP/1.1" 200 -
10.206.39.148 - - [15/Mar/2018 16:06:55] "GET /js/vendor.64aaeb40feba8b8858ad.js HTTP/1.1" 200 -
10.206.39.148 - - [15/Mar/2018 16:06:55] "GET /js/0.655440cf5ca910c32810.js HTTP/1.1" 200 -
10.206.39.148 - - [15/Mar/2018 16:06:55] "GET /js/2.010f89b8136dce410c92.js HTTP/1.1" 200 -
10.206.39.148 - - [15/Mar/2018 16:06:56] "POST /api/graphql HTTP/1.1" 200 -
10.206.39.148 - - [15/Mar/2018 16:07:00] "GET /answer/5aaa1dfda80bb4f67dac824d HTTP/1.1" 404 -
10.206.39.148 - - [15/Mar/2018 16:07:42] "GET / HTTP/1.1" 200 -
10.206.39.148 - - [15/Mar/2018 16:07:42] "GET /js/vendor.b36ac10c77041b05ab08.js HTTP/1.1" 200 -
10.206.39.148 - - [15/Mar/2018 16:07:42] "GET /js/0.8029a6c2f6721de36631.js HTTP/1.1" 200 -
10.206.39.148 - - [15/Mar/2018 16:07:53] "GET / HTTP/1.1" 304 -
10.206.39.148 - - [15/Mar/2018 16:07:53] "POST /api/graphql HTTP/1.1" 200 -
10.206.39.148 - - [15/Mar/2018 16:07:53] "POST /api/graphql HTTP/1.1" 200 -
10.206.39.148 - - [15/Mar/2018 16:07:53] "POST /api/graphql HTTP/1.1" 200 -
10.206.39.148 - - [15/Mar/2018 16:07:53] "POST /api/graphql HTTP/1.1" 200 -
10.206.39.148 - - [15/Mar/2018 16:07:53] "POST /api/graphql HTTP/1.1" 200 -
10.206.39.148 - - [15/Mar/2018 16:07:54] "GET / HTTP/1.1" 304 -
10.206.39.148 - - [15/Mar/2018 16:07:56] "GET / HTTP/1.1" 304 -
10.206.39.148 - - [15/Mar/2018 16:08:10] "GET / HTTP/1.1" 304 -
10.206.39.148 - - [15/Mar/2018 16:08:10] "POST /api/graphql HTTP/1.1" 200 -
10.206.39.148 - - [15/Mar/2018 16:08:11] "POST /api/graphql HTTP/1.1" 200 -
10.206.39.148 - - [15/Mar/2018 16:08:21] "POST /api/graphql HTTP/1.1" 200 -
10.206.39.148 - - [15/Mar/2018 16:08:21] "POST /api/graphql HTTP/1.1" 200 -
10.206.39.148 - - [15/Mar/2018 16:08:22] "POST /api/graphql HTTP/1.1" 200 -
10.206.39.148 - - [15/Mar/2018 16:08:22] "POST /api/graphql HTTP/1.1" 200 -
10.206.39.148 - - [15/Mar/2018 16:08:22] "GET / HTTP/1.1" 304 -
10.206.39.148 - - [15/Mar/2018 16:08:32] "POST /api/graphql HTTP/1.1" 200 -
10.206.39.148 - - [15/Mar/2018 16:08:33] "POST /api/graphql HTTP/1.1" 200 -
10.206.39.148 - - [15/Mar/2018 16:08:33] "POST /api/graphql HTTP/1.1" 200 -
10.206.39.136 - - [15/Mar/2018 16:08:33] "GET / HTTP/1.1" 200 -
10.206.39.136 - - [15/Mar/2018 16:08:33] "GET /js/vendor.b36ac10c77041b05ab08.js HTTP/1.1" 200 -
10.206.39.136 - - [15/Mar/2018 16:08:34] "GET /js/0.8029a6c2f6721de36631.js HTTP/1.1" 200 -
10.206.39.136 - - [15/Mar/2018 16:08:36] "POST /api/graphql HTTP/1.1" 200 -
